This is pdfTeX, Version 3.14159265-2.6-1.40.19 (TeX Live 2019/dev/Debian) (preloaded format=latex 2019.6.3)  3 JUN 2019 07:56
entering extended mode
 restricted \write18 enabled.
 %&-line parsing enabled.
**cis236i01.tex
(./cis236i01.tex
LaTeX2e <2018-12-01>
)
! Emergency stop.
<*> cis236i01.tex
                 
*** (job aborted, no legal \end found)

 
Here is how much of TeX's memory you used:
 21 strings out of 494519
 335 string characters out of 6176340
 53514 words of memory out of 5000000
 3790 multiletter control sequences out of 15000+600000
 3640 words of font info for 14 fonts, out of 8000000 for 9000
 36 hyphenation exceptions out of 8191
 7i,0n,7p,274b,8s stack positions out of 5000i,500n,10000p,200000b,80000s
No pages of output.
